Determining if the pthread_create exist failed with the following output:
Change Dir: /home/user/myTinymuduo/build/CMakeFiles/CMakeTmp

Run Build Command:"/usr/bin/make" "cmTC_98809/fast"
/usr/bin/make -f CMakeFiles/cmTC_98809.dir/build.make CMakeFiles/cmTC_98809.dir/build
make[1]: 进入目录“/home/user/myTinymuduo/build/CMakeFiles/CMakeTmp”
Building C object CMakeFiles/cmTC_98809.dir/CheckSymbolExists.c.o
/usr/bin/cc    -o CMakeFiles/cmTC_98809.dir/CheckSymbolExists.c.o   -c /home/user/myTinymuduo/build/CMakeFiles/CMakeTmp/CheckSymbolExists.c
Linking C executable cmTC_98809
/usr/bin/cmake -E cmake_link_script CMakeFiles/cmTC_98809.dir/link.txt --verbose=1
/usr/bin/cc      CMakeFiles/cmTC_98809.dir/CheckSymbolExists.c.o  -o cmTC_98809 
CMakeFiles/cmTC_98809.dir/CheckSymbolExists.c.o：在函数‘main’中：
CheckSymbolExists.c:(.text+0x1b)：对‘pthread_create’未定义的引用
collect2: error: ld returned 1 exit status
CMakeFiles/cmTC_98809.dir/build.make:97: recipe for target 'cmTC_98809' failed
make[1]: *** [cmTC_98809] Error 1
make[1]: 离开目录“/home/user/myTinymuduo/build/CMakeFiles/CMakeTmp”
Makefile:126: recipe for target 'cmTC_98809/fast' failed
make: *** [cmTC_98809/fast] Error 2

File /home/user/myTinymuduo/build/CMakeFiles/CMakeTmp/CheckSymbolExists.c:
/* */
#include <pthread.h>

int main(int argc, char** argv)
{
  (void)argv;
#ifndef pthread_create
  return ((int*)(&pthread_create))[argc];
#else
  (void)argc;
  return 0;
#endif
}

Determining if the function pthread_create exists in the pthreads failed with the following output:
Change Dir: /home/user/myTinymuduo/build/CMakeFiles/CMakeTmp

Run Build Command:"/usr/bin/make" "cmTC_8935a/fast"
/usr/bin/make -f CMakeFiles/cmTC_8935a.dir/build.make CMakeFiles/cmTC_8935a.dir/build
make[1]: 进入目录“/home/user/myTinymuduo/build/CMakeFiles/CMakeTmp”
Building C object CMakeFiles/cmTC_8935a.dir/CheckFunctionExists.c.o
/usr/bin/cc   -DCHECK_FUNCTION_EXISTS=pthread_create   -o CMakeFiles/cmTC_8935a.dir/CheckFunctionExists.c.o   -c /usr/share/cmake-3.10/Modules/CheckFunctionExists.c
Linking C executable cmTC_8935a
/usr/bin/cmake -E cmake_link_script CMakeFiles/cmTC_8935a.dir/link.txt --verbose=1
/usr/bin/cc  -DCHECK_FUNCTION_EXISTS=pthread_create    CMakeFiles/cmTC_8935a.dir/CheckFunctionExists.c.o  -o cmTC_8935a -lpthreads 
/usr/bin/ld: 找不到 -lpthreads
collect2: error: ld returned 1 exit status
CMakeFiles/cmTC_8935a.dir/build.make:97: recipe for target 'cmTC_8935a' failed
make[1]: *** [cmTC_8935a] Error 1
make[1]: 离开目录“/home/user/myTinymuduo/build/CMakeFiles/CMakeTmp”
Makefile:126: recipe for target 'cmTC_8935a/fast' failed
make: *** [cmTC_8935a/fast] Error 2


